#options: 720x1280 fps=30/1 timebase=1/30 bitdepth=8 cabac=1 ref=1 deblock=1:0:0 analyse=0x1:0 me=dia subme=2 psy=1 psy_rd=1.00:0.00 mixed_ref=0 me_range=16 chroma_me=1 trellis=0 8x8dct=0 cqm=0 deadzone=21,11 fast_pskip=1 chroma_qp_offset=0 threads=6 lookahead_threads=2 sliced_threads=0 nr=0 decimate=1 interlaced=0 bluray_compat=0 constrained_intra=0 bframes=3 b_pyramid=2 b_adapt=1 b_bias=0 direct=1 weightb=1 open_gop=0 weightp=2 keyint=250 keyint_min=25 scenecut=40 intra_refresh=0 rc_lookahead=40 rc=abr mbtree=1 bitrate=7020 ratetol=1.0 qcomp=0.60 qpmin=0 qpmax=69 qpstep=4 ip_ratio=1.40 aq=1:1.00
in:0 out:0 type:I dur:2 cpbdur:2 q:19.10 aq:9.68 tex:739679 mv:102446 misc:267 imb:3600 pmb:0 smb:0 d:- ref:;
in:3 out:1 type:P dur:2 cpbdur:2 q:20.33 aq:11.23 tex:257012 mv:18395 misc:1953 imb:319 pmb:2186 smb:1095 d:- ref:0 ;
in:1 out:2 type:B dur:2 cpbdur:2 q:20.33 aq:16.70 tex:22784 mv:12197 misc:3011 imb:25 pmb:1350 smb:2225 d:- ref:0 ;
in:2 out:3 type:b dur:2 cpbdur:2 q:20.33 aq:17.60 tex:22208 mv:12960 misc:2992 imb:50 pmb:1398 smb:2152 d:- ref:0 ;
in:5 out:4 type:P dur:2 cpbdur:2 q:20.31 aq:11.60 tex:320397 mv:15893 misc:1646 imb:274 pmb:2173 smb:1153 d:- ref:0 ;
in:4 out:5 type:b dur:2 cpbdur:2 q:20.32 aq:15.87 tex:7747 mv:3945 misc:2324 imb:9 pmb:723 smb:2868 d:- ref:0 ;
in:9 out:6 type:P dur:2 cpbdur:2 q:24.31 aq:15.31 tex:172460 mv:18784 misc:1956 imb:453 pmb:2240 smb:907 d:- ref:0 ;
in:7 out:7 type:B dur:2 cpbdur:2 q:22.31 aq:17.53 tex:35340 mv:17040 misc:3180 imb:79 pmb:1831 smb:1690 d:- ref:0 ;
in:6 out:8 type:b dur:2 cpbdur:2 q:21.31 aq:17.69 tex:11974 mv:10550 misc:3004 imb:35 pmb:1252 smb:2313 d:- ref:0 ;
in:8 out:9 type:b dur:2 cpbdur:2 q:23.31 aq:18.27 tex:7092 mv:8416 misc:3092 imb:37 pmb:1087 smb:2476 d:- ref:0 ;
in:13 out:10 type:P dur:2 cpbdur:2 q:21.50 aq:12.60 tex:334971 mv:19991 misc:1598 imb:489 pmb:2344 smb:767 d:- ref:0 ;
in:11 out:11 type:B dur:2 cpbdur:2 q:22.91 aq:17.84 tex:31280 mv:15879 misc:3185 imb:58 pmb:1611 smb:1931 d:- ref:0 ;
in:10 out:12 type:b dur:2 cpbdur:2 q:23.61 aq:20.01 tex:6224 mv:7753 misc:2751 imb:19 pmb:936 smb:2645 d:- ref:0 ;
in:12 out:13 type:b dur:2 cpbdur:2 q:22.20 aq:18.89 tex:15978 mv:10884 misc:3098 imb:34 pmb:1273 smb:2293 d:- ref:0 ;
in:17 out:14 type:P dur:2 cpbdur:2 q:18.60 aq:9.71 tex:466544 mv:20803 misc:1285 imb:641 pmb:2538 smb:421 d:- ref:0 ;
in:15 out:15 type:B dur:2 cpbdur:2 q:20.05 aq:15.27 tex:44606 mv:18891 misc:3103 imb:80 pmb:2189 smb:1331 d:- ref:0 ;
in:14 out:16 type:b dur:2 cpbdur:2 q:20.78 aq:17.14 tex:9518 mv:9856 misc:3370 imb:23 pmb:1356 smb:2221 d:- ref:0 ;
in:16 out:17 type:b dur:2 cpbdur:2 q:19.33 aq:15.67 tex:36905 mv:16018 misc:3173 imb:103 pmb:2092 smb:1405 d:- ref:0 ;
in:21 out:18 type:P dur:2 cpbdur:2 q:17.38 aq:8.84 tex:519871 mv:20081 misc:1296 imb:584 pmb:2488 smb:528 d:- ref:0 ;
in:19 out:19 type:B dur:2 cpbdur:2 q:17.99 aq:13.08 tex:80950 mv:20128 misc:2738 imb:114 pmb:2343 smb:1143 d:- ref:0 ;
in:18 out:20 type:b dur:2 cpbdur:2 q:18.30 aq:15.13 tex:34298 mv:14941 misc:3209 imb:39 pmb:1921 smb:1640 d:- ref:0 ;
in:20 out:21 type:b dur:2 cpbdur:2 q:17.69 aq:14.36 tex:40329 mv:13632 misc:3223 imb:68 pmb:2013 smb:1519 d:- ref:0 ;
in:25 out:22 type:P dur:2 cpbdur:2 q:16.70 aq:7.71 tex:649521 mv:24847 misc:760 imb:1105 pmb:2387 smb:108 d:- ref:0 ;
in:23 out:23 type:B dur:2 cpbdur:2 q:17.04 aq:11.61 tex:127004 mv:23239 misc:2197 imb:147 pmb:2606 smb:847 d:- ref:0 ;
in:22 out:24 type:b dur:2 cpbdur:2 q:17.21 aq:13.90 tex:44066 mv:13603 misc:3067 imb:33 pmb:1969 smb:1598 d:- ref:0 ;
in:24 out:25 type:b dur:2 cpbdur:2 q:16.87 aq:13.40 tex:63801 mv:18499 misc:2740 imb:131 pmb:2283 smb:1186 d:- ref:0 ;
in:29 out:26 type:P dur:2 cpbdur:2 q:16.45 aq:7.73 tex:545129 mv:20036 misc:1171 imb:698 pmb:2563 smb:339 d:- ref:0 ;
in:27 out:27 type:B dur:2 cpbdur:2 q:16.58 aq:10.86 tex:117993 mv:17017 misc:2590 imb:61 pmb:2472 smb:1067 d:- ref:0 ;
in:26 out:28 type:b dur:2 cpbdur:2 q:16.64 aq:13.24 tex:11621 mv:4446 misc:2725 imb:12 pmb:992 smb:2596 d:- ref:0 ;
in:28 out:29 type:b dur:2 cpbdur:2 q:16.51 aq:13.23 tex:36086 mv:12405 misc:2877 imb:27 pmb:1859 smb:1714 d:- ref:0 ;
in:33 out:30 type:P dur:2 cpbdur:2 q:16.30 aq:7.45 tex:637168 mv:21879 misc:1137 imb:841 pmb:2485 smb:274 d:- ref:0 ;
in:31 out:31 type:B dur:2 cpbdur:2 q:16.38 aq:10.30 tex:162502 mv:21908 misc:1958 imb:133 pmb:2710 smb:757 d:- ref:0 ;
in:30 out:32 type:b dur:2 cpbdur:2 q:16.42 aq:14.20 tex:21373 mv:5627 misc:2912 imb:22 pmb:1250 smb:2328 d:- ref:0 ;
in:32 out:33 type:b dur:2 cpbdur:2 q:16.34 aq:12.92 tex:54542 mv:14702 misc:3156 imb:85 pmb:2260 smb:1255 d:- ref:0 ;
in:37 out:34 type:P dur:2 cpbdur:2 q:16.12 aq:7.50 tex:531164 mv:19591 misc:1109 imb:586 pmb:2564 smb:450 d:- ref:0 ;
in:35 out:35 type:B dur:2 cpbdur:2 q:16.21 aq:10.95 tex:104029 mv:18147 misc:2344 imb:75 pmb:2587 smb:938 d:- ref:0 ;
in:34 out:36 type:b dur:2 cpbdur:2 q:16.26 aq:13.36 tex:63274 mv:17245 misc:2593 imb:47 pmb:2336 smb:1217 d:- ref:0 ;
in:36 out:37 type:b dur:2 cpbdur:2 q:16.16 aq:13.39 tex:36368 mv:10192 misc:3240 imb:23 pmb:1921 smb:1656 d:- ref:0 ;
in:41 out:38 type:P dur:2 cpbdur:2 q:16.05 aq:7.56 tex:508853 mv:18451 misc:1120 imb:629 pmb:2523 smb:448 d:- ref:0 ;
in:39 out:39 type:B dur:2 cpbdur:2 q:16.08 aq:10.78 tex:126878 mv:21303 misc:2323 imb:124 pmb:2592 smb:884 d:- ref:0 ;
in:38 out:40 type:b dur:2 cpbdur:2 q:16.10 aq:12.77 tex:45988 mv:13766 misc:2950 imb:36 pmb:2085 smb:1479 d:- ref:0 ;
in:40 out:41 type:b dur:2 cpbdur:2 q:16.07 aq:12.83 tex:70034 mv:17696 misc:2726 imb:107 pmb:2415 smb:1078 d:- ref:0 ;
in:45 out:42 type:P dur:2 cpbdur:2 q:15.82 aq:7.47 tex:582799 mv:19871 misc:914 imb:672 pmb:2472 smb:456 d:- ref:0 ;
in:43 out:43 type:B dur:2 cpbdur:2 q:15.93 aq:10.71 tex:106104 mv:19288 misc:2448 imb:104 pmb:2534 smb:962 d:- ref:0 ;
in:42 out:44 type:b dur:2 cpbdur:2 q:15.99 aq:12.87 tex:46164 mv:13633 misc:3019 imb:45 pmb:2035 smb:1520 d:- ref:0 ;
in:44 out:45 type:b dur:2 cpbdur:2 q:15.88 aq:12.42 tex:79474 mv:17847 misc:2735 imb:93 pmb:2338 smb:1169 d:- ref:0 ;
in:48 out:46 type:P dur:2 cpbdur:2 q:15.64 aq:6.98 tex:631250 mv:20607 misc:1159 imb:656 pmb:2474 smb:470 d:- ref:0 ;
in:46 out:47 type:B dur:2 cpbdur:2 q:15.76 aq:11.22 tex:82903 mv:15070 misc:2971 imb:74 pmb:2036 smb:1490 d:- ref:0 ;
in:47 out:48 type:b dur:2 cpbdur:2 q:15.70 aq:12.54 tex:60562 mv:13735 misc:2855 imb:40 pmb:1844 smb:1716 d:- ref:0 ;
in:52 out:49 type:P dur:2 cpbdur:2 q:15.83 aq:7.71 tex:614097 mv:23084 misc:1251 imb:769 pmb:2409 smb:422 d:- ref:0 ;
in:50 out:50 type:B dur:2 cpbdur:2 q:15.73 aq:10.70 tex:117549 mv:17028 misc:2751 imb:139 pmb:2157 smb:1304 d:- ref:0 ;
in:49 out:51 type:b dur:2 cpbdur:2 q:15.68 aq:11.70 tex:11200 mv:3332 misc:2140 imb:9 pmb:687 smb:2904 d:- ref:0 ;
in:51 out:52 type:b dur:2 cpbdur:2 q:15.78 aq:12.18 tex:94937 mv:18951 misc:2520 imb:155 pmb:2127 smb:1318 d:- ref:0 ;
in:56 out:53 type:P dur:2 cpbdur:2 q:15.88 aq:7.84 tex:691133 mv:26749 misc:790 imb:1108 pmb:2304 smb:188 d:- ref:0 ;
in:54 out:54 type:B dur:2 cpbdur:2 q:15.85 aq:10.75 tex:165472 mv:25319 misc:2225 imb:231 pmb:2565 smb:804 d:- ref:0 ;
in:53 out:55 type:b dur:2 cpbdur:2 q:15.84 aq:12.24 tex:90455 mv:19633 misc:2544 imb:170 pmb:2260 smb:1170 d:- ref:0 ;
in:55 out:56 type:b dur:2 cpbdur:2 q:15.86 aq:12.38 tex:104583 mv:20370 misc:2663 imb:148 pmb:2336 smb:1116 d:- ref:0 ;
in:60 out:57 type:P dur:2 cpbdur:2 q:15.86 aq:7.73 tex:754658 mv:26558 misc:784 imb:1073 pmb:2387 smb:140 d:- ref:0 ;
in:58 out:58 type:B dur:2 cpbdur:2 q:15.87 aq:10.59 tex:170703 mv:23176 misc:2585 imb:252 pmb:2479 smb:869 d:- ref:0 ;
in:57 out:59 type:b dur:2 cpbdur:2 q:15.87 aq:12.64 tex:81367 mv:17641 misc:2816 imb:143 pmb:2270 smb:1187 d:- ref:0 ;
in:59 out:60 type:b dur:2 cpbdur:2 q:15.86 aq:12.85 tex:91090 mv:17412 misc:2706 imb:139 pmb:2185 smb:1276 d:- ref:0 ;
in:64 out:61 type:P dur:2 cpbdur:2 q:16.09 aq:8.52 tex:536902 mv:22724 misc:1198 imb:886 pmb:2363 smb:351 d:- ref:0 ;
in:62 out:62 type:B dur:2 cpbdur:2 q:15.98 aq:11.23 tex:106207 mv:18631 misc:2890 imb:104 pmb:2337 smb:1159 d:- ref:0 ;
in:61 out:63 type:b dur:2 cpbdur:2 q:15.92 aq:12.80 tex:85530 mv:17870 misc:2536 imb:122 pmb:2324 smb:1154 d:- ref:0 ;
in:63 out:64 type:b dur:2 cpbdur:2 q:16.03 aq:11.09 tex:17469 mv:4499 misc:2432 imb:28 pmb:926 smb:2646 d:- ref:0 ;
in:66 out:65 type:P dur:2 cpbdur:2 q:16.08 aq:8.15 tex:683576 mv:24801 misc:631 imb:1157 pmb:2385 smb:58 d:- ref:0 ;
in:65 out:66 type:b dur:2 cpbdur:2 q:16.09 aq:12.83 tex:101679 mv:21283 misc:2910 imb:220 pmb:2349 smb:1031 d:- ref:0 ;
in:70 out:67 type:P dur:2 cpbdur:2 q:16.30 aq:8.93 tex:607761 mv:25182 misc:729 imb:1190 pmb:2327 smb:83 d:- ref:0 ;
in:68 out:68 type:B dur:2 cpbdur:2 q:16.19 aq:12.30 tex:127140 mv:22265 misc:2707 imb:328 pmb:2438 smb:834 d:- ref:0 ;
in:67 out:69 type:b dur:2 cpbdur:2 q:16.14 aq:12.49 tex:23256 mv:6501 misc:2387 imb:76 pmb:987 smb:2537 d:- ref:0 ;
in:69 out:70 type:b dur:2 cpbdur:2 q:16.25 aq:11.13 tex:16182 mv:3838 misc:2452 imb:24 pmb:912 smb:2664 d:- ref:0 ;
in:74 out:71 type:P dur:2 cpbdur:2 q:16.36 aq:9.12 tex:723900 mv:27688 misc:532 imb:1311 pmb:2246 smb:43 d:- ref:0 ;
in:72 out:72 type:B dur:2 cpbdur:2 q:16.33 aq:11.51 tex:229875 mv:32635 misc:1490 imb:473 pmb:2793 smb:334 d:- ref:0 ;
in:71 out:73 type:b dur:2 cpbdur:2 q:16.32 aq:13.07 tex:79340 mv:19472 misc:3052 imb:165 pmb:2307 smb:1128 d:- ref:0 ;
in:73 out:74 type:b dur:2 cpbdur:2 q:16.35 aq:13.21 tex:95653 mv:22225 misc:2762 imb:185 pmb:2438 smb:977 d:- ref:0 ;
in:78 out:75 type:P dur:2 cpbdur:2 q:16.45 aq:9.28 tex:667874 mv:25532 misc:762 imb:1115 pmb:2335 smb:150 d:- ref:0 ;
in:76 out:76 type:B dur:2 cpbdur:2 q:16.41 aq:12.00 tex:189513 mv:27137 misc:2118 imb:313 pmb:2710 smb:577 d:- ref:0 ;
in:75 out:77 type:b dur:2 cpbdur:2 q:16.39 aq:13.34 tex:100474 mv:23797 misc:2673 imb:264 pmb:2405 smb:931 d:- ref:0 ;
in:77 out:78 type:b dur:2 cpbdur:2 q:16.43 aq:13.74 tex:78865 mv:18566 misc:2857 imb:112 pmb:2267 smb:1221 d:- ref:0 ;
in:82 out:79 type:P dur:2 cpbdur:2 q:16.62 aq:9.66 tex:672466 mv:27044 misc:538 imb:1227 pmb:2330 smb:43 d:- ref:0 ;
in:80 out:80 type:B dur:2 cpbdur:2 q:16.53 aq:12.24 tex:209033 mv:31103 misc:1800 imb:449 pmb:2749 smb:402 d:- ref:0 ;
in:79 out:81 type:b dur:2 cpbdur:2 q:16.49 aq:13.65 tex:88308 mv:19023 misc:2997 imb:120 pmb:2308 smb:1172 d:- ref:0 ;
in:81 out:82 type:b dur:2 cpbdur:2 q:16.58 aq:13.99 tex:72601 mv:17870 misc:3225 imb:125 pmb:2116 smb:1359 d:- ref:0 ;
in:86 out:83 type:P dur:2 cpbdur:2 q:16.73 aq:9.44 tex:720528 mv:28480 misc:408 imb:1352 pmb:2240 smb:8 d:- ref:0 ;
in:84 out:84 type:B dur:2 cpbdur:2 q:16.67 aq:12.30 tex:223454 mv:32447 misc:1691 imb:501 pmb:2785 smb:314 d:- ref:0 ;
in:83 out:85 type:b dur:2 cpbdur:2 q:16.65 aq:13.84 tex:88460 mv:20880 misc:2948 imb:188 pmb:2326 smb:1086 d:- ref:0 ;
in:85 out:86 type:b dur:2 cpbdur:2 q:16.70 aq:13.81 tex:83794 mv:21275 misc:2675 imb:233 pmb:2275 smb:1092 d:- ref:0 ;
in:90 out:87 type:P dur:2 cpbdur:2 q:16.96 aq:9.06 tex:814709 mv:29781 misc:446 imb:1168 pmb:2411 smb:21 d:- ref:0 ;
in:88 out:88 type:B dur:2 cpbdur:2 q:16.85 aq:12.22 tex:234271 mv:32074 misc:1399 imb:372 pmb:2964 smb:264 d:- ref:0 ;
in:87 out:89 type:b dur:2 cpbdur:2 q:16.79 aq:13.83 tex:85759 mv:20327 misc:2770 imb:148 pmb:2285 smb:1167 d:- ref:0 ;
in:89 out:90 type:b dur:2 cpbdur:2 q:16.91 aq:14.06 tex:72373 mv:17491 misc:2752 imb:108 pmb:2077 smb:1415 d:- ref:0 ;
in:94 out:91 type:P dur:2 cpbdur:2 q:17.20 aq:9.77 tex:556346 mv:24791 misc:807 imb:922 pmb:2508 smb:170 d:- ref:0 ;
in:92 out:92 type:B dur:2 cpbdur:2 q:17.08 aq:12.53 tex:101994 mv:17794 misc:2972 imb:121 pmb:2291 smb:1188 d:- ref:0 ;
in:91 out:93 type:b dur:2 cpbdur:2 q:17.02 aq:12.65 tex:5890 mv:2507 misc:2243 imb:6 pmb:672 smb:2922 d:- ref:0 ;
in:93 out:94 type:b dur:2 cpbdur:2 q:17.14 aq:13.37 tex:10903 mv:2935 misc:2018 imb:23 pmb:597 smb:2980 d:- ref:0 ;
in:98 out:95 type:P dur:2 cpbdur:2 q:17.34 aq:10.17 tex:656647 mv:28863 misc:538 imb:1081 pmb:2491 smb:28 d:- ref:0 ;
in:96 out:96 type:B dur:2 cpbdur:2 q:17.27 aq:12.74 tex:216881 mv:31947 misc:1572 imb:331 pmb:2921 smb:348 d:- ref:0 ;
in:95 out:97 type:b dur:2 cpbdur:2 q:17.23 aq:14.47 tex:67477 mv:18557 misc:2662 imb:78 pmb:2054 smb:1468 d:- ref:0 ;
in:97 out:98 type:b dur:2 cpbdur:2 q:17.31 aq:14.68 tex:47993 mv:13357 misc:3058 imb:73 pmb:1831 smb:1696 d:- ref:0 ;
in:102 out:99 type:P dur:2 cpbdur:2 q:17.25 aq:10.16 tex:599573 mv:27696 misc:459 imb:1066 pmb:2516 smb:18 d:- ref:0 ;
in:100 out:100 type:B dur:2 cpbdur:2 q:17.30 aq:13.10 tex:171430 mv:29799 misc:2147 imb:280 pmb:2849 smb:471 d:- ref:0 ;
in:99 out:101 type:b dur:2 cpbdur:2 q:17.32 aq:14.51 tex:55252 mv:18321 misc:3123 imb:105 pmb:2078 smb:1417 d:- ref:0 ;
in:101 out:102 type:b dur:2 cpbdur:2 q:17.27 aq:14.59 tex:75003 mv:20929 misc:2892 imb:215 pmb:2228 smb:1157 d:- ref:0 ;
in:106 out:103 type:P dur:2 cpbdur:2 q:17.34 aq:10.16 tex:633518 mv:28963 misc:495 imb:1139 pmb:2439 smb:22 d:- ref:0 ;
in:104 out:104 type:B dur:2 cpbdur:2 q:17.29 aq:12.20 tex:221214 mv:28874 misc:1688 imb:364 pmb:2888 smb:348 d:- ref:0 ;
in:103 out:105 type:b dur:2 cpbdur:2 q:17.27 aq:13.69 tex:15822 mv:4531 misc:2367 imb:62 pmb:778 smb:2760 d:- ref:0 ;
in:105 out:106 type:b dur:2 cpbdur:2 q:17.32 aq:14.28 tex:87921 mv:19831 misc:2704 imb:154 pmb:1946 smb:1500 d:- ref:0 ;
in:110 out:107 type:P dur:2 cpbdur:2 q:17.41 aq:10.67 tex:619570 mv:28375 misc:471 imb:1131 pmb:2445 smb:24 d:- ref:0 ;
in:108 out:108 type:B dur:2 cpbdur:2 q:17.38 aq:12.59 tex:166884 mv:25322 misc:2410 imb:311 pmb:2570 smb:719 d:- ref:0 ;
in:107 out:109 type:b dur:2 cpbdur:2 q:17.36 aq:13.40 tex:8523 mv:2232 misc:2261 imb:19 pmb:630 smb:2951 d:- ref:0 ;
in:109 out:110 type:b dur:2 cpbdur:2 q:17.39 aq:14.71 tex:76930 mv:22146 misc:3060 imb:204 pmb:2250 smb:1146 d:- ref:0 ;
in:114 out:111 type:P dur:2 cpbdur:2 q:17.45 aq:10.64 tex:695998 mv:30094 misc:476 imb:1165 pmb:2416 smb:19 d:- ref:0 ;
in:112 out:112 type:B dur:2 cpbdur:2 q:17.43 aq:13.37 tex:220258 mv:35568 misc:1582 imb:437 pmb:2864 smb:299 d:- ref:0 ;
in:111 out:113 type:b dur:2 cpbdur:2 q:17.42 aq:14.94 tex:77167 mv:19678 misc:2859 imb:145 pmb:2142 smb:1313 d:- ref:0 ;
in:113 out:114 type:b dur:2 cpbdur:2 q:17.44 aq:15.08 tex:90096 mv:21335 misc:2705 imb:134 pmb:2142 smb:1324 d:- ref:0 ;
in:118 out:115 type:P dur:2 cpbdur:2 q:17.48 aq:10.88 tex:748356 mv:29633 misc:747 imb:971 pmb:2464 smb:165 d:- ref:0 ;
in:116 out:116 type:B dur:2 cpbdur:2 q:17.47 aq:13.04 tex:219484 mv:28236 misc:1920 imb:229 pmb:2729 smb:642 d:- ref:0 ;
in:115 out:117 type:b dur:2 cpbdur:2 q:17.46 aq:13.85 tex:6683 mv:1439 misc:2054 imb:7 pmb:512 smb:3081 d:- ref:0 ;
in:117 out:118 type:b dur:2 cpbdur:2 q:17.47 aq:15.08 tex:95002 mv:23998 misc:2704 imb:243 pmb:2178 smb:1179 d:- ref:0 ;
in:122 out:119 type:P dur:2 cpbdur:2 q:17.72 aq:10.99 tex:748415 mv:30831 misc:490 imb:986 pmb:2588 smb:26 d:- ref:0 ;
in:120 out:120 type:B dur:2 cpbdur:2 q:17.60 aq:14.06 tex:221370 mv:33737 misc:1621 imb:220 pmb:2933 smb:447 d:- ref:0 ;
in:119 out:121 type:b dur:2 cpbdur:2 q:17.54 aq:15.54 tex:82863 mv:21854 misc:2603 imb:98 pmb:2253 smb:1249 d:- ref:0 ;
in:121 out:122 type:b dur:2 cpbdur:2 q:17.66 aq:15.62 tex:74562 mv:19166 misc:2624 imb:93 pmb:2037 smb:1470 d:- ref:0 ;
in:126 out:123 type:P dur:2 cpbdur:2 q:17.84 aq:11.45 tex:528137 mv:24885 misc:906 imb:798 pmb:2548 smb:254 d:- ref:0 ;
in:124 out:124 type:B dur:2 cpbdur:2 q:17.78 aq:14.13 tex:163606 mv:26685 misc:2557 imb:132 pmb:2540 smb:928 d:- ref:0 ;
in:123 out:125 type:b dur:2 cpbdur:2 q:17.75 aq:15.45 tex:60089 mv:17369 misc:2870 imb:71 pmb:1828 smb:1701 d:- ref:0 ;
in:125 out:126 type:b dur:2 cpbdur:2 q:17.81 aq:15.77 tex:70102 mv:18879 misc:2715 imb:113 pmb:1880 smb:1607 d:- ref:0 ;
in:130 out:127 type:P dur:2 cpbdur:2 q:17.93 aq:11.55 tex:558239 mv:26128 misc:1009 imb:739 pmb:2666 smb:195 d:- ref:0 ;
in:128 out:128 type:B dur:2 cpbdur:2 q:17.88 aq:14.33 tex:199980 mv:29126 misc:2246 imb:140 pmb:2741 smb:719 d:- ref:0 ;
in:127 out:129 type:b dur:2 cpbdur:2 q:17.86 aq:15.79 tex:75983 mv:19748 misc:2837 imb:65 pmb:1991 smb:1544 d:- ref:0 ;
in:129 out:130 type:b dur:2 cpbdur:2 q:17.90 aq:15.86 tex:87413 mv:20650 misc:2737 imb:132 pmb:1889 smb:1579 d:- ref:0 ;
in:134 out:131 type:P dur:2 cpbdur:2 q:17.90 aq:12.19 tex:505774 mv:25716 misc:1334 imb:748 pmb:2447 smb:405 d:- ref:0 ;
in:132 out:132 type:B dur:2 cpbdur:2 q:17.91 aq:14.86 tex:188120 mv:27975 misc:2537 imb:164 pmb:2436 smb:1000 d:- ref:0 ;
in:131 out:133 type:b dur:2 cpbdur:2 q:17.92 aq:15.35 tex:6631 mv:2660 misc:2173 imb:8 pmb:639 smb:2953 d:- ref:0 ;
in:133 out:134 type:b dur:2 cpbdur:2 q:17.91 aq:15.77 tex:121740 mv:23258 misc:2570 imb:160 pmb:2143 smb:1297 d:- ref:0 ;
in:136 out:135 type:P dur:2 cpbdur:2 q:17.98 aq:11.83 tex:481083 mv:25241 misc:1116 imb:604 pmb:2531 smb:465 d:- ref:0 ;
in:135 out:136 type:b dur:2 cpbdur:2 q:17.94 aq:16.13 tex:110576 mv:22785 misc:2511 imb:66 pmb:2082 smb:1452 d:- ref:0 ;
in:140 out:137 type:P dur:2 cpbdur:2 q:18.05 aq:12.20 tex:623888 mv:27676 misc:1204 imb:812 pmb:2035 smb:753 d:- ref:0 ;
in:138 out:138 type:B dur:2 cpbdur:2 q:18.02 aq:13.94 tex:270453 mv:33767 misc:1564 imb:213 pmb:2181 smb:1206 d:- ref:0 ;
in:137 out:139 type:b dur:2 cpbdur:2 q:18.00 aq:15.36 tex:149872 mv:28480 misc:1944 imb:153 pmb:2167 smb:1280 d:- ref:0 ;
in:139 out:140 type:b dur:2 cpbdur:2 q:18.04 aq:15.64 tex:161576 mv:31981 misc:2083 imb:191 pmb:2467 smb:942 d:- ref:0 ;
in:144 out:141 type:P dur:2 cpbdur:2 q:18.06 aq:12.25 tex:631434 mv:28160 misc:1006 imb:709 pmb:2030 smb:861 d:- ref:0 ;
in:142 out:142 type:B dur:2 cpbdur:2 q:18.06 aq:14.52 tex:239969 mv:33153 misc:1822 imb:164 pmb:2317 smb:1119 d:- ref:0 ;
in:141 out:143 type:b dur:2 cpbdur:2 q:18.06 aq:15.94 tex:156514 mv:29385 misc:2165 imb:132 pmb:2477 smb:991 d:- ref:0 ;
in:143 out:144 type:b dur:2 cpbdur:2 q:18.06 aq:15.76 tex:112266 mv:26584 misc:2134 imb:159 pmb:2292 smb:1149 d:- ref:0 ;
in:148 out:145 type:P dur:2 cpbdur:2 q:18.30 aq:12.08 tex:649415 mv:34872 misc:729 imb:1208 pmb:2307 smb:85 d:- ref:0 ;
in:146 out:146 type:B dur:2 cpbdur:2 q:18.18 aq:14.17 tex:249640 mv:35268 misc:1916 imb:232 pmb:2445 smb:923 d:- ref:0 ;
in:145 out:147 type:b dur:2 cpbdur:2 q:18.12 aq:15.49 tex:126123 mv:26932 misc:2281 imb:143 pmb:2240 smb:1217 d:- ref:0 ;
in:147 out:148 type:b dur:2 cpbdur:2 q:18.24 aq:15.77 tex:127060 mv:28490 misc:2450 imb:162 pmb:2339 smb:1099 d:- ref:0 ;
in:150 out:149 type:P dur:2 cpbdur:2 q:18.52 aq:12.22 tex:504739 mv:26232 misc:1477 imb:656 pmb:2300 smb:644 d:- ref:0 ;
in:149 out:150 type:b dur:2 cpbdur:2 q:18.41 aq:15.61 tex:110491 mv:23372 misc:2465 imb:120 pmb:1903 smb:1577 d:- ref:0 ;
in:154 out:151 type:P dur:2 cpbdur:2 q:18.64 aq:12.59 tex:501878 mv:30167 misc:1155 imb:862 pmb:2392 smb:346 d:- ref:0 ;
in:152 out:152 type:B dur:2 cpbdur:2 q:18.58 aq:14.18 tex:234674 mv:34374 misc:1864 imb:155 pmb:2772 smb:673 d:- ref:0 ;
in:151 out:153 type:b dur:2 cpbdur:2 q:18.55 aq:15.81 tex:102672 mv:26056 misc:2576 imb:131 pmb:2232 smb:1237 d:- ref:0 ;
in:153 out:154 type:b dur:2 cpbdur:2 q:18.61 aq:15.98 tex:99087 mv:25211 misc:2358 imb:163 pmb:2088 smb:1349 d:- ref:0 ;
in:158 out:155 type:P dur:2 cpbdur:2 q:18.71 aq:13.33 tex:558581 mv:31255 misc:1076 imb:856 pmb:2075 smb:669 d:- ref:0 ;
in:156 out:156 type:B dur:2 cpbdur:2 q:18.68 aq:14.35 tex:255746 mv:37819 misc:1747 imb:235 pmb:2471 smb:894 d:- ref:0 ;
in:155 out:157 type:b dur:2 cpbdur:2 q:18.66 aq:15.80 tex:108810 mv:27224 misc:2302 imb:202 pmb:2134 smb:1264 d:- ref:0 ;
in:157 out:158 type:b dur:2 cpbdur:2 q:18.69 aq:15.88 tex:110014 mv:28175 misc:2467 imb:113 pmb:2377 smb:1110 d:- ref:0 ;
in:160 out:159 type:P dur:2 cpbdur:2 q:18.83 aq:13.81 tex:436527 mv:27866 misc:1231 imb:617 pmb:2240 smb:743 d:- ref:0 ;
in:159 out:160 type:b dur:2 cpbdur:2 q:18.77 aq:16.16 tex:115132 mv:29226 misc:2418 imb:180 pmb:2421 smb:999 d:- ref:0 ;
in:161 out:161 type:P dur:2 cpbdur:2 q:18.91 aq:14.16 tex:329258 mv:27469 misc:1177 imb:777 pmb:2486 smb:337 d:- ref:0 ;
in:162 out:162 type:P dur:2 cpbdur:2 q:18.97 aq:13.69 tex:361348 mv:27856 misc:1028 imb:749 pmb:2505 smb:346 d:- ref:0 ;
in:163 out:163 type:P dur:2 cpbdur:2 q:18.99 aq:14.22 tex:342484 mv:23480 misc:1300 imb:460 pmb:2346 smb:794 d:- ref:0 ;
in:166 out:164 type:P dur:2 cpbdur:2 q:18.97 aq:14.62 tex:546217 mv:37489 misc:486 imb:1367 pmb:2209 smb:24 d:- ref:0 ;
in:164 out:165 type:B dur:2 cpbdur:2 q:18.98 aq:15.90 tex:207540 mv:36026 misc:1778 imb:252 pmb:2556 smb:792 d:- ref:0 ;
in:165 out:166 type:b dur:2 cpbdur:2 q:18.98 aq:16.60 tex:102466 mv:27643 misc:2755 imb:138 pmb:2373 smb:1089 d:- ref:0 ;
in:168 out:167 type:P dur:2 cpbdur:2 q:19.11 aq:14.53 tex:515312 mv:35755 misc:533 imb:1368 pmb:2210 smb:22 d:- ref:0 ;
in:167 out:168 type:b dur:2 cpbdur:2 q:19.04 aq:16.82 tex:115254 mv:31466 misc:2536 imb:337 pmb:2355 smb:908 d:- ref:0 ;
in:170 out:169 type:P dur:2 cpbdur:2 q:19.26 aq:14.56 tex:512879 mv:34813 misc:668 imb:1254 pmb:2283 smb:63 d:- ref:0 ;
in:169 out:170 type:b dur:2 cpbdur:2 q:19.18 aq:16.94 tex:126856 mv:33179 misc:2533 imb:223 pmb:2631 smb:746 d:- ref:0 ;
in:171 out:171 type:P dur:2 cpbdur:2 q:19.42 aq:14.61 tex:296955 mv:29612 misc:1265 imb:897 pmb:2479 smb:224 d:- ref:0 ;
in:173 out:172 type:P dur:2 cpbdur:2 q:19.40 aq:14.75 tex:509208 mv:32639 misc:1073 imb:867 pmb:2433 smb:300 d:- ref:0 ;
in:172 out:173 type:b dur:2 cpbdur:2 q:19.41 aq:16.49 tex:14647 mv:5848 misc:2377 imb:143 pmb:802 smb:2655 d:- ref:0 ;
in:174 out:174 type:P dur:2 cpbdur:2 q:19.52 aq:14.45 tex:471110 mv:32004 misc:902 imb:940 pmb:2439 smb:221 d:- ref:0 ;
in:176 out:175 type:P dur:2 cpbdur:2 q:19.65 aq:14.23 tex:506228 mv:32814 misc:798 imb:867 pmb:2539 smb:194 d:- ref:0 ;
in:175 out:176 type:b dur:2 cpbdur:2 q:19.58 aq:17.70 tex:89489 mv:25674 misc:2701 imb:85 pmb:2226 smb:1289 d:- ref:0 ;
in:178 out:177 type:P dur:2 cpbdur:2 q:19.72 aq:14.94 tex:357493 mv:29627 misc:1136 imb:756 pmb:2598 smb:246 d:- ref:0 ;
in:177 out:178 type:b dur:2 cpbdur:2 q:19.68 aq:17.84 tex:71307 mv:24324 misc:2929 imb:126 pmb:2183 smb:1291 d:- ref:0 ;
in:180 out:179 type:P dur:2 cpbdur:2 q:19.72 aq:14.37 tex:662181 mv:35329 misc:546 imb:1008 pmb:2547 smb:45 d:- ref:0 ;
in:179 out:180 type:b dur:2 cpbdur:2 q:19.72 aq:17.88 tex:100691 mv:27491 misc:2778 imb:110 pmb:2277 smb:1213 d:- ref:0 ;
in:182 out:181 type:P dur:2 cpbdur:2 q:19.96 aq:14.30 tex:457759 mv:30741 misc:684 imb:906 pmb:2635 smb:59 d:- ref:0 ;
in:181 out:182 type:b dur:2 cpbdur:2 q:19.84 aq:17.86 tex:57613 mv:22129 misc:2978 imb:61 pmb:2057 smb:1482 d:- ref:0 ;
in:186 out:183 type:P dur:2 cpbdur:2 q:19.99 aq:14.14 tex:557188 mv:34102 misc:422 imb:1077 pmb:2510 smb:13 d:- ref:0 ;
in:184 out:184 type:B dur:2 cpbdur:2 q:19.98 aq:16.66 tex:203142 mv:40031 misc:1539 imb:309 pmb:2983 smb:308 d:- ref:0 ;
in:183 out:185 type:b dur:2 cpbdur:2 q:19.97 aq:18.05 tex:51497 mv:21508 misc:2899 imb:85 pmb:1977 smb:1538 d:- ref:0 ;
in:185 out:186 type:b dur:2 cpbdur:2 q:19.99 aq:18.15 tex:53974 mv:21366 misc:2980 imb:64 pmb:2097 smb:1439 d:- ref:0 ;
in:190 out:187 type:P dur:2 cpbdur:2 q:20.13 aq:14.34 tex:548350 mv:31462 misc:580 imb:1016 pmb:2535 smb:49 d:- ref:0 ;
in:188 out:188 type:B dur:2 cpbdur:2 q:20.06 aq:16.58 tex:194108 mv:34788 misc:2064 imb:230 pmb:2847 smb:523 d:- ref:0 ;
in:187 out:189 type:b dur:2 cpbdur:2 q:20.03 aq:18.23 tex:56669 mv:19101 misc:2822 imb:64 pmb:1849 smb:1687 d:- ref:0 ;
in:189 out:190 type:b dur:2 cpbdur:2 q:20.10 aq:18.21 tex:63327 mv:20315 misc:2790 imb:139 pmb:1897 smb:1564 d:- ref:0 ;
in:194 out:191 type:P dur:2 cpbdur:2 q:20.17 aq:14.38 tex:568377 mv:30981 misc:626 imb:1014 pmb:2536 smb:50 d:- ref:0 ;
in:192 out:192 type:B dur:2 cpbdur:2 q:20.15 aq:16.98 tex:198266 mv:34619 misc:2019 imb:221 pmb:2856 smb:523 d:- ref:0 ;
in:191 out:193 type:b dur:2 cpbdur:2 q:20.14 aq:18.17 tex:58762 mv:19325 misc:2897 imb:79 pmb:1857 smb:1664 d:- ref:0 ;
in:193 out:194 type:b dur:2 cpbdur:2 q:20.16 aq:18.55 tex:75652 mv:22590 misc:3046 imb:86 pmb:2195 smb:1319 d:- ref:0 ;
in:198 out:195 type:P dur:2 cpbdur:2 q:20.22 aq:14.90 tex:454463 mv:29744 misc:649 imb:933 pmb:2615 smb:52 d:- ref:0 ;
in:196 out:196 type:B dur:2 cpbdur:2 q:20.19 aq:17.47 tex:137730 mv:32342 misc:2560 imb:211 pmb:2650 smb:739 d:- ref:0 ;
in:195 out:197 type:b dur:2 cpbdur:2 q:20.18 aq:17.30 tex:9966 mv:6522 misc:2440 imb:45 pmb:996 smb:2559 d:- ref:0 ;
in:197 out:198 type:b dur:2 cpbdur:2 q:20.21 aq:18.37 tex:71260 mv:22602 misc:3162 imb:91 pmb:2083 smb:1426 d:- ref:0 ;
in:202 out:199 type:P dur:2 cpbdur:2 q:20.23 aq:14.67 tex:477907 mv:30016 misc:565 imb:1208 pmb:2357 smb:35 d:- ref:0 ;
in:200 out:200 type:B dur:2 cpbdur:2 q:20.23 aq:16.83 tex:206471 mv:36844 misc:1861 imb:302 pmb:2917 smb:381 d:- ref:0 ;
in:199 out:201 type:b dur:2 cpbdur:2 q:20.22 aq:18.35 tex:88333 mv:22787 misc:3072 imb:80 pmb:2088 smb:1432 d:- ref:0 ;
in:201 out:202 type:b dur:2 cpbdur:2 q:20.23 aq:18.27 tex:71082 mv:19744 misc:2774 imb:83 pmb:1783 smb:1734 d:- ref:0 ;
in:206 out:203 type:P dur:2 cpbdur:2 q:20.17 aq:14.76 tex:496962 mv:29504 misc:758 imb:1065 pmb:2433 smb:102 d:- ref:0 ;
in:204 out:204 type:B dur:2 cpbdur:2 q:20.20 aq:16.82 tex:204254 mv:34816 misc:2442 imb:245 pmb:2620 smb:735 d:- ref:0 ;
in:203 out:205 type:b dur:2 cpbdur:2 q:20.21 aq:18.38 tex:92043 mv:21498 misc:2667 imb:97 pmb:1862 smb:1641 d:- ref:0 ;
in:205 out:206 type:b dur:2 cpbdur:2 q:20.18 aq:18.30 tex:101405 mv:21947 misc:2560 imb:70 pmb:1802 smb:1728 d:- ref:0 ;
in:210 out:207 type:P dur:2 cpbdur:2 q:20.21 aq:15.07 tex:509333 mv:30867 misc:656 imb:1248 pmb:2293 smb:59 d:- ref:0 ;
in:208 out:208 type:B dur:2 cpbdur:2 q:20.19 aq:16.67 tex:236745 mv:38172 misc:1795 imb:327 pmb:2836 smb:437 d:- ref:0 ;
in:207 out:209 type:b dur:2 cpbdur:2 q:20.18 aq:18.07 tex:98080 mv:20629 misc:2595 imb:68 pmb:1700 smb:1832 d:- ref:0 ;
in:209 out:210 type:b dur:2 cpbdur:2 q:20.20 aq:18.00 tex:117491 mv:27326 misc:2895 imb:159 pmb:2342 smb:1099 d:- ref:0 ;
in:214 out:211 type:P dur:2 cpbdur:2 q:20.25 aq:14.51 tex:560087 mv:31347 misc:422 imb:1387 pmb:2200 smb:13 d:- ref:0 ;
in:212 out:212 type:B dur:2 cpbdur:2 q:20.23 aq:16.65 tex:248790 mv:37267 misc:2111 imb:376 pmb:2724 smb:500 d:- ref:0 ;
in:211 out:213 type:b dur:2 cpbdur:2 q:20.22 aq:18.05 tex:131945 mv:26948 misc:2859 imb:209 pmb:2204 smb:1187 d:- ref:0 ;
in:213 out:214 type:b dur:2 cpbdur:2 q:20.24 aq:17.81 tex:15294 mv:10366 misc:1468 imb:313 pmb:759 smb:2528 d:- ref:0 ;
in:218 out:215 type:P dur:2 cpbdur:2 q:20.34 aq:13.40 tex:567742 mv:31349 misc:405 imb:1248 pmb:2342 smb:10 d:- ref:0 ;
in:216 out:216 type:B dur:2 cpbdur:2 q:20.29 aq:16.91 tex:223574 mv:35128 misc:2034 imb:259 pmb:2795 smb:546 d:- ref:0 ;
in:215 out:217 type:b dur:2 cpbdur:2 q:20.27 aq:18.15 tex:105042 mv:25599 misc:2951 imb:151 pmb:2142 smb:1307 d:- ref:0 ;
in:217 out:218 type:b dur:2 cpbdur:2 q:20.32 aq:18.09 tex:99367 mv:19392 misc:2737 imb:50 pmb:1565 smb:1985 d:- ref:0 ;
in:222 out:219 type:P dur:2 cpbdur:2 q:20.44 aq:13.53 tex:477879 mv:22876 misc:1237 imb:666 pmb:2284 smb:650 d:- ref:0 ;
in:220 out:220 type:B dur:2 cpbdur:2 q:20.39 aq:16.79 tex:180880 mv:26130 misc:2774 imb:104 pmb:2142 smb:1354 d:- ref:0 ;
in:219 out:221 type:b dur:2 cpbdur:2 q:20.36 aq:17.98 tex:90873 mv:17944 misc:2607 imb:30 pmb:1505 smb:2065 d:- ref:0 ;
in:221 out:222 type:b dur:2 cpbdur:2 q:20.41 aq:18.09 tex:90717 mv:17263 misc:2476 imb:57 pmb:1446 smb:2097 d:- ref:0 ;
in:226 out:223 type:P dur:2 cpbdur:2 q:20.45 aq:13.73 tex:465619 mv:26432 misc:805 imb:993 pmb:2462 smb:145 d:- ref:0 ;
in:224 out:224 type:B dur:2 cpbdur:2 q:20.45 aq:16.64 tex:159956 mv:23552 misc:2588 imb:82 pmb:2146 smb:1372 d:- ref:0 ;
in:223 out:225 type:b dur:2 cpbdur:2 q:20.44 aq:18.12 tex:73026 mv:16257 misc:2413 imb:18 pmb:1420 smb:2162 d:- ref:0 ;
in:225 out:226 type:b dur:2 cpbdur:2 q:20.45 aq:18.26 tex:62614 mv:15596 misc:2686 imb:8 pmb:1551 smb:2041 d:- ref:0 ;
in:230 out:227 type:P dur:2 cpbdur:2 q:20.47 aq:13.22 tex:530703 mv:27424 misc:705 imb:1038 pmb:2454 smb:108 d:- ref:0 ;
in:228 out:228 type:B dur:2 cpbdur:2 q:20.46 aq:16.44 tex:188611 mv:27941 misc:2688 imb:153 pmb:2481 smb:966 d:- ref:0 ;
in:227 out:229 type:b dur:2 cpbdur:2 q:20.46 aq:18.11 tex:55105 mv:15311 misc:2784 imb:29 pmb:1508 smb:2063 d:- ref:0 ;
in:229 out:230 type:b dur:2 cpbdur:2 q:20.47 aq:18.12 tex:57757 mv:14327 misc:2916 imb:34 pmb:1537 smb:2029 d:- ref:0 ;
in:234 out:231 type:P dur:2 cpbdur:2 q:20.49 aq:13.54 tex:424472 mv:24014 misc:842 imb:655 pmb:2760 smb:185 d:- ref:0 ;
in:232 out:232 type:B dur:2 cpbdur:2 q:20.48 aq:16.49 tex:114819 mv:19714 misc:2363 imb:39 pmb:2720 smb:841 d:- ref:0 ;
in:231 out:233 type:b dur:2 cpbdur:2 q:20.48 aq:18.15 tex:39989 mv:12084 misc:2695 imb:7 pmb:1355 smb:2238 d:- ref:0 ;
in:233 out:234 type:b dur:2 cpbdur:2 q:20.49 aq:15.39 tex:1845 mv:1215 misc:1492 imb:3 pmb:348 smb:3249 d:- ref:0 ;
in:238 out:235 type:P dur:2 cpbdur:2 q:20.46 aq:14.36 tex:407428 mv:20238 misc:1294 imb:415 pmb:2424 smb:761 d:- ref:0 ;
in:236 out:236 type:B dur:2 cpbdur:2 q:20.47 aq:17.22 tex:106447 mv:20460 misc:2909 imb:111 pmb:2358 smb:1131 d:- ref:0 ;
in:235 out:237 type:b dur:2 cpbdur:2 q:20.48 aq:18.65 tex:24481 mv:11351 misc:2552 imb:7 pmb:1321 smb:2272 d:- ref:0 ;
in:237 out:238 type:b dur:2 cpbdur:2 q:20.47 aq:17.64 tex:2472 mv:1936 misc:1568 imb:10 pmb:363 smb:3227 d:- ref:0 ;
in:242 out:239 type:P dur:2 cpbdur:2 q:20.38 aq:14.40 tex:414208 mv:25766 misc:546 imb:909 pmb:2647 smb:44 d:- ref:0 ;
in:240 out:240 type:B dur:2 cpbdur:2 q:20.42 aq:17.14 tex:140102 mv:32571 misc:1727 imb:450 pmb:2764 smb:386 d:- ref:0 ;
in:239 out:241 type:b dur:2 cpbdur:2 q:20.44 aq:18.22 tex:37141 mv:17922 misc:3137 imb:160 pmb:1769 smb:1671 d:- ref:0 ;
in:241 out:242 type:b dur:2 cpbdur:2 q:20.40 aq:18.23 tex:35488 mv:21607 misc:3009 imb:345 pmb:1912 smb:1343 d:- ref:0 ;
in:246 out:243 type:P dur:2 cpbdur:2 q:20.27 aq:14.54 tex:406743 mv:26058 misc:455 imb:873 pmb:2722 smb:5 d:- ref:0 w:6,63,0,6,65,-2,64,0 ;
in:244 out:244 type:B dur:2 cpbdur:2 q:20.33 aq:16.05 tex:121769 mv:26558 misc:2457 imb:271 pmb:2636 smb:693 d:- ref:0 ;
in:243 out:245 type:b dur:2 cpbdur:2 q:20.35 aq:17.30 tex:8378 mv:7471 misc:1455 imb:155 pmb:641 smb:2804 d:- ref:0 ;
in:245 out:246 type:b dur:2 cpbdur:2 q:20.30 aq:17.92 tex:15651 mv:9909 misc:3432 imb:9 pmb:1407 smb:2184 d:- ref:0 ;
in:249 out:247 type:P dur:2 cpbdur:2 q:20.20 aq:17.98 tex:126054 mv:22928 misc:1314 imb:951 pmb:2425 smb:224 d:- ref:0 ;
in:247 out:248 type:B dur:2 cpbdur:2 q:20.25 aq:18.06 tex:30043 mv:11144 misc:3061 imb:52 pmb:1600 smb:1948 d:- ref:0 ;
in:248 out:249 type:b dur:2 cpbdur:2 q:20.22 aq:17.92 tex:36967 mv:11167 misc:2986 imb:23 pmb:2121 smb:1456 d:- ref:0 ;
in:250 out:250 type:I dur:2 cpbdur:2 q:17.40 aq:10.47 tex:934542 mv:126563 misc:223 imb:3600 pmb:0 smb:0 d:- ref:;
in:254 out:251 type:P dur:2 cpbdur:2 q:20.38 aq:15.03 tex:144820 mv:11692 misc:1360 imb:61 pmb:2037 smb:1502 d:- ref:0 ;
in:252 out:252 type:B dur:2 cpbdur:2 q:20.38 aq:16.16 tex:41976 mv:12164 misc:2188 imb:27 pmb:1654 smb:1919 d:- ref:0 ;
in:251 out:253 type:b dur:2 cpbdur:2 q:20.38 aq:17.89 tex:5957 mv:4556 misc:2335 imb:2 pmb:883 smb:2715 d:- ref:0 ;
in:253 out:254 type:b dur:2 cpbdur:2 q:20.38 aq:17.86 tex:20616 mv:10116 misc:2420 imb:20 pmb:1357 smb:2223 d:- ref:0 ;
in:257 out:255 type:P dur:2 cpbdur:2 q:20.17 aq:17.92 tex:208031 mv:20791 misc:770 imb:798 pmb:2682 smb:120 d:- ref:0 ;
in:255 out:256 type:B dur:2 cpbdur:2 q:20.31 aq:17.87 tex:19700 mv:8086 misc:2934 imb:15 pmb:1458 smb:2127 d:- ref:0 ;
in:256 out:257 type:b dur:2 cpbdur:2 q:20.24 aq:17.89 tex:61051 mv:11722 misc:2835 imb:24 pmb:2418 smb:1158 d:- ref:0 ;
